INFO:werkzeug:[31m[1mWARNING: This is a development server. Do not use it in a production deployment. Use a production WSGI server instead.[0m
 * Running on http://127.0.0.1:5000
INFO:werkzeug:[33mPress CTRL+C to quit[0m
INFO:werkzeug:[31m[1mWARNING: This is a development server. Do not use it in a production deployment. Use a production WSGI server instead.[0m
 * Running on http://127.0.0.1:4000
INFO:werkzeug:[33mPress CTRL+C to quit[0m
ERROR:app:Exception on /run_model [POST]
Traceback (most recent call last):
  File "/Users/linyan/Desktop/Competitive-Pricing-Analysis/Backend/app.py", line 111, in run_model_endpoint
    input_data = request.json
                 ^^^^^^^^^^^^
AttributeError: module 'urllib.request' has no attribute 'json'

During handling of the above exception, another exception occurred:

Traceback (most recent call last):
  File "/Users/linyan/anaconda3/lib/python3.11/site-packages/flask/app.py", line 2525, in wsgi_app
    response = self.full_dispatch_request()
               ^^^^^^^^^^^^^^^^^^^^^^^^^^^^
  File "/Users/linyan/anaconda3/lib/python3.11/site-packages/flask/app.py", line 1822, in full_dispatch_request
    rv = self.handle_user_exception(e)
         ^^^^^^^^^^^^^^^^^^^^^^^^^^^^^
  File "/Users/linyan/anaconda3/lib/python3.11/site-packages/flask/app.py", line 1820, in full_dispatch_request
    rv = self.dispatch_request()
         ^^^^^^^^^^^^^^^^^^^^^^^
  File "/Users/linyan/anaconda3/lib/python3.11/site-packages/flask/app.py", line 1796, in dispatch_request
    return self.ensure_sync(self.view_functions[rule.endpoint])(**view_args)
           ^^^^^^^^^^^^^^^^^^^^^^^^^^^^^^^^^^^^^^^^^^^^^^^^^^^^^^^^^^^^^^^^^
  File "/Users/linyan/Desktop/Competitive-Pricing-Analysis/Backend/app.py", line 115, in run_model_endpoint
    logger.error(f"An error occurred in run_model_endpoint: {e}")
    ^^^^^^
NameError: name 'logger' is not defined
INFO:werkzeug:127.0.0.1 - - [16/Apr/2024 00:19:54] "[35m[1mPOST /run_model HTTP/1.1[0m" 500 -
INFO:werkzeug:127.0.0.1 - - [16/Apr/2024 00:20:07] "[31m[1mGET /run_model HTTP/1.1[0m" 405 -
